{"D:\\nokaround\\glia\\kernel\\controller.kernel.js": {"path":"D:\\nokaround\\glia\\kernel\\controller.kernel.js","statementMap":{"0":{"start":{"line":1,"column":29},"end":{"line":1,"column":51}},"1":{"start":{"line":2,"column":15},"end":{"line":2,"column":53}},"2":{"start":{"line":4,"column":19},"end":{"line":39,"column":1}},"3":{"start":{"line":5,"column":37},"end":{"line":5,"column":51}},"4":{"start":{"line":7,"column":17},"end":{"line":7,"column":27}},"5":{"start":{"line":9,"column":2},"end":{"line":38,"column":3}},"6":{"start":{"line":11,"column":17},"end":{"line":11,"column":44}},"7":{"start":{"line":13,"column":4},"end":{"line":13,"column":71}},"8":{"start":{"line":15,"column":28},"end":{"line":15,"column":61}},"9":{"start":{"line":17,"column":4},"end":{"line":32,"column":9}},"10":{"start":{"line":19,"column":25},"end":{"line":21,"column":15}},"11":{"start":{"line":23,"column":8},"end":{"line":23,"column":39}},"12":{"start":{"line":27,"column":8},"end":{"line":31,"column":72}},"13":{"start":{"line":29,"column":10},"end":{"line":29,"column":59}},"14":{"start":{"line":31,"column":13},"end":{"line":31,"column":72}},"15":{"start":{"line":37,"column":4},"end":{"line":37,"column":14}},"16":{"start":{"line":41,"column":0},"end":{"line":41,"column":28}}},"fnMap":{"0":{"name":"(anonymous_0)","decl":{"start":{"line":4,"column":19},"end":{"line":4,"column":20}},"loc":{"start":{"line":4,"column":45},"end":{"line":39,"column":1}},"line":4},"1":{"name":"(anonymous_1)","decl":{"start":{"line":18,"column":12},"end":{"line":18,"column":13}},"loc":{"start":{"line":18,"column":21},"end":{"line":24,"column":7}},"line":18},"2":{"name":"(anonymous_2)","decl":{"start":{"line":25,"column":13},"end":{"line":25,"column":14}},"loc":{"start":{"line":25,"column":22},"end":{"line":32,"column":7}},"line":25}},"branchMap":{"0":{"loc":{"start":{"line":13,"column":26},"end":{"line":13,"column":70}},"type":"cond-expr","locations":[{"start":{"line":13,"column":58},"end":{"line":13,"column":63}},{"start":{"line":13,"column":66},"end":{"line":13,"column":70}}],"line":13},"1":{"loc":{"start":{"line":19,"column":25},"end":{"line":21,"column":15}},"type":"cond-expr","locations":[{"start":{"line":20,"column":12},"end":{"line":20,"column":44}},{"start":{"line":21,"column":12},"end":{"line":21,"column":15}}],"line":19},"2":{"loc":{"start":{"line":27,"column":8},"end":{"line":31,"column":72}},"type":"if","locations":[{"start":{"line":27,"column":8},"end":{"line":31,"column":72}},{"start":{"line":27,"column":8},"end":{"line":31,"column":72}}],"line":27}},"s":{"0":1,"1":1,"2":1,"3":4,"4":4,"5":4,"6":4,"7":4,"8":4,"9":4,"10":2,"11":2,"12":2,"13":1,"14":1,"15":2,"16":1},"f":{"0":4,"1":2,"2":2},"b":{"0":[1,3],"1":[1,1],"2":[1,1]},"inputSourceMap":null,"_coverageSchema":"1a1c01bbd47fc00a2c39e90264f33305004495a9","hash":"0a3d234c9084ad1a823dd5753909740b77d02ba6"}
,"D:\\nokaround\\glia\\kernel\\error.kernel.js": {"path":"D:\\nokaround\\glia\\kernel\\error.kernel.js","statementMap":{"0":{"start":{"line":12,"column":4},"end":{"line":12,"column":12}},"1":{"start":{"line":13,"column":4},"end":{"line":13,"column":51}},"2":{"start":{"line":14,"column":4},"end":{"line":14,"column":55}},"3":{"start":{"line":15,"column":4},"end":{"line":15,"column":55}},"4":{"start":{"line":16,"column":4},"end":{"line":16,"column":27}},"5":{"start":{"line":23,"column":4},"end":{"line":23,"column":12}},"6":{"start":{"line":24,"column":4},"end":{"line":24,"column":53}},"7":{"start":{"line":25,"column":4},"end":{"line":25,"column":57}},"8":{"start":{"line":26,"column":4},"end":{"line":26,"column":24}},"9":{"start":{"line":33,"column":4},"end":{"line":33,"column":12}},"10":{"start":{"line":34,"column":4},"end":{"line":34,"column":50}},"11":{"start":{"line":35,"column":4},"end":{"line":35,"column":54}},"12":{"start":{"line":36,"column":4},"end":{"line":36,"column":27}},"13":{"start":{"line":44,"column":4},"end":{"line":44,"column":12}},"14":{"start":{"line":45,"column":4},"end":{"line":45,"column":46}},"15":{"start":{"line":46,"column":4},"end":{"line":46,"column":50}},"16":{"start":{"line":47,"column":4},"end":{"line":47,"column":55}},"17":{"start":{"line":48,"column":4},"end":{"line":48,"column":27}},"18":{"start":{"line":55,"column":4},"end":{"line":55,"column":12}},"19":{"start":{"line":56,"column":4},"end":{"line":56,"column":54}},"20":{"start":{"line":57,"column":4},"end":{"line":57,"column":58}},"21":{"start":{"line":58,"column":4},"end":{"line":58,"column":26}},"22":{"start":{"line":64,"column":4},"end":{"line":64,"column":12}},"23":{"start":{"line":65,"column":4},"end":{"line":65,"column":52}},"24":{"start":{"line":66,"column":4},"end":{"line":66,"column":56}},"25":{"start":{"line":67,"column":4},"end":{"line":67,"column":23}},"26":{"start":{"line":74,"column":4},"end":{"line":74,"column":12}},"27":{"start":{"line":75,"column":4},"end":{"line":75,"column":50}},"28":{"start":{"line":76,"column":4},"end":{"line":76,"column":54}},"29":{"start":{"line":77,"column":4},"end":{"line":77,"column":23}},"30":{"start":{"line":82,"column":23},"end":{"line":89,"column":1}},"31":{"start":{"line":83,"column":44},"end":{"line":83,"column":47}},"32":{"start":{"line":85,"column":2},"end":{"line":88,"column":5}},"33":{"start":{"line":92,"column":19},"end":{"line":92,"column":24}},"34":{"start":{"line":93,"column":23},"end":{"line":100,"column":1}},"35":{"start":{"line":94,"column":2},"end":{"line":99,"column":7}},"36":{"start":{"line":95,"column":4},"end":{"line":98,"column":5}},"37":{"start":{"line":96,"column":6},"end":{"line":96,"column":23}},"38":{"start":{"line":97,"column":6},"end":{"line":97,"column":26}},"39":{"start":{"line":102,"column":0},"end":{"line":112,"column":2}}},"fnMap":{"0":{"name":"(anonymous_0)","decl":{"start":{"line":11,"column":2},"end":{"line":11,"column":3}},"loc":{"start":{"line":11,"column":36},"end":{"line":17,"column":3}},"line":11},"1":{"name":"(anonymous_1)","decl":{"start":{"line":22,"column":2},"end":{"line":22,"column":3}},"loc":{"start":{"line":22,"column":20},"end":{"line":27,"column":3}},"line":22},"2":{"name":"(anonymous_2)","decl":{"start":{"line":32,"column":2},"end":{"line":32,"column":3}},"loc":{"start":{"line":32,"column":23},"end":{"line":37,"column":3}},"line":32},"3":{"name":"(anonymous_3)","decl":{"start":{"line":43,"column":2},"end":{"line":43,"column":3}},"loc":{"start":{"line":43,"column":36},"end":{"line":49,"column":3}},"line":43},"4":{"name":"(anonymous_4)","decl":{"start":{"line":54,"column":2},"end":{"line":54,"column":3}},"loc":{"start":{"line":54,"column":22},"end":{"line":59,"column":3}},"line":54},"5":{"name":"(anonymous_5)","decl":{"start":{"line":63,"column":2},"end":{"line":63,"column":3}},"loc":{"start":{"line":63,"column":19},"end":{"line":68,"column":3}},"line":63},"6":{"name":"(anonymous_6)","decl":{"start":{"line":73,"column":2},"end":{"line":73,"column":3}},"loc":{"start":{"line":73,"column":19},"end":{"line":78,"column":3}},"line":73},"7":{"name":"(anonymous_7)","decl":{"start":{"line":82,"column":23},"end":{"line":82,"column":24}},"loc":{"start":{"line":82,"column":37},"end":{"line":89,"column":1}},"line":82},"8":{"name":"(anonymous_8)","decl":{"start":{"line":93,"column":23},"end":{"line":93,"column":24}},"loc":{"start":{"line":93,"column":34},"end":{"line":100,"column":1}},"line":93},"9":{"name":"(anonymous_9)","decl":{"start":{"line":94,"column":10},"end":{"line":94,"column":11}},"loc":{"start":{"line":94,"column":22},"end":{"line":99,"column":3}},"line":94}},"branchMap":{"0":{"loc":{"start":{"line":15,"column":23},"end":{"line":15,"column":54}},"type":"cond-expr","locations":[{"start":{"line":15,"column":38},"end":{"line":15,"column":40}},{"start":{"line":15,"column":43},"end":{"line":15,"column":54}}],"line":15},"1":{"loc":{"start":{"line":47,"column":23},"end":{"line":47,"column":54}},"type":"cond-expr","locations":[{"start":{"line":47,"column":38},"end":{"line":47,"column":40}},{"start":{"line":47,"column":43},"end":{"line":47,"column":54}}],"line":47},"2":{"loc":{"start":{"line":95,"column":4},"end":{"line":98,"column":5}},"type":"if","locations":[{"start":{"line":95,"column":4},"end":{"line":98,"column":5}},{"start":{"line":95,"column":4},"end":{"line":98,"column":5}}],"line":95}},"s":{"0":3,"1":3,"2":3,"3":3,"4":3,"5":1,"6":1,"7":1,"8":1,"9":1,"10":1,"11":1,"12":1,"13":2,"14":2,"15":2,"16":2,"17":2,"18":1,"19":1,"20":1,"21":1,"22":1,"23":1,"24":1,"25":1,"26":1,"27":1,"28":1,"29":1,"30":3,"31":1,"32":1,"33":3,"34":3,"35":3,"36":3,"37":3,"38":3,"39":3},"f":{"0":3,"1":1,"2":1,"3":2,"4":1,"5":1,"6":1,"7":1,"8":3,"9":3},"b":{"0":[1,2],"1":[1,1],"2":[3,0]},"inputSourceMap":null,"_coverageSchema":"1a1c01bbd47fc00a2c39e90264f33305004495a9","hash":"388877885973bfbcf4a633f3e05703d95442ef25"}
,"D:\\nokaround\\glia\\kernel\\ms.kernel.js": {"path":"D:\\nokaround\\glia\\kernel\\ms.kernel.js","statementMap":{"0":{"start":{"line":1,"column":25},"end":{"line":26,"column":1}},"1":{"start":{"line":2,"column":41},"end":{"line":2,"column":55}},"2":{"start":{"line":14,"column":13},"end":{"line":14,"column":15}},"3":{"start":{"line":15,"column":2},"end":{"line":15,"column":60}},"4":{"start":{"line":15,"column":32},"end":{"line":15,"column":60}},"5":{"start":{"line":16,"column":2},"end":{"line":16,"column":58}},"6":{"start":{"line":16,"column":31},"end":{"line":16,"column":58}},"7":{"start":{"line":17,"column":2},"end":{"line":17,"column":56}},"8":{"start":{"line":17,"column":30},"end":{"line":17,"column":56}},"9":{"start":{"line":19,"column":2},"end":{"line":19,"column":80}},"10":{"start":{"line":19,"column":36},"end":{"line":19,"column":80}},"11":{"start":{"line":21,"column":2},"end":{"line":22,"column":55}},"12":{"start":{"line":22,"column":4},"end":{"line":22,"column":55}},"13":{"start":{"line":25,"column":2},"end":{"line":25,"column":14}},"14":{"start":{"line":72,"column":0},"end":{"line":75,"column":2}}},"fnMap":{"0":{"name":"(anonymous_0)","decl":{"start":{"line":1,"column":25},"end":{"line":1,"column":26}},"loc":{"start":{"line":1,"column":40},"end":{"line":26,"column":1}},"line":1}},"branchMap":{"0":{"loc":{"start":{"line":19,"column":2},"end":{"line":19,"column":80}},"type":"if","locations":[{"start":{"line":19,"column":2},"end":{"line":19,"column":80}},{"start":{"line":19,"column":2},"end":{"line":19,"column":80}}],"line":19},"1":{"loc":{"start":{"line":21,"column":2},"end":{"line":22,"column":55}},"type":"if","locations":[{"start":{"line":21,"column":2},"end":{"line":22,"column":55}},{"start":{"line":21,"column":2},"end":{"line":22,"column":55}}],"line":21}},"s":{"0":2,"1":7,"2":7,"3":7,"4":1,"5":7,"6":4,"7":7,"8":1,"9":7,"10":5,"11":7,"12":6,"13":7,"14":2},"f":{"0":7},"b":{"0":[5,2],"1":[6,1]},"inputSourceMap":null,"_coverageSchema":"1a1c01bbd47fc00a2c39e90264f33305004495a9","hash":"e49dd1605d151eb0517c9fe976f32d1e2c6588ca"}
,"D:\\nokaround\\glia\\middleware\\logger\\logger.js": {"path":"D:\\nokaround\\glia\\middleware\\logger\\logger.js","statementMap":{"0":{"start":{"line":1,"column":11},"end":{"line":1,"column":24}},"1":{"start":{"line":13,"column":14},"end":{"line":13,"column":24}},"2":{"start":{"line":14,"column":14},"end":{"line":14,"column":27}},"3":{"start":{"line":15,"column":16},"end":{"line":15,"column":30}},"4":{"start":{"line":16,"column":15},"end":{"line":16,"column":32}},"5":{"start":{"line":18,"column":2},"end":{"line":20,"column":13}},"6":{"start":{"line":26,"column":2},"end":{"line":26,"column":67}},"7":{"start":{"line":31,"column":19},"end":{"line":31,"column":39}},"8":{"start":{"line":32,"column":15},"end":{"line":32,"column":54}},"9":{"start":{"line":34,"column":2},"end":{"line":34,"column":16}},"10":{"start":{"line":40,"column":15},"end":{"line":40,"column":35}},"11":{"start":{"line":41,"column":2},"end":{"line":50,"column":5}},"12":{"start":{"line":49,"column":4},"end":{"line":49,"column":53}},"13":{"start":{"line":55,"column":2},"end":{"line":55,"column":27}},"14":{"start":{"line":58,"column":2},"end":{"line":66,"column":3}},"15":{"start":{"line":59,"column":4},"end":{"line":59,"column":27}},"16":{"start":{"line":61,"column":4},"end":{"line":63,"column":7}},"17":{"start":{"line":62,"column":6},"end":{"line":62,"column":43}},"18":{"start":{"line":65,"column":4},"end":{"line":65,"column":27}},"19":{"start":{"line":75,"column":19},"end":{"line":82,"column":1}},"20":{"start":{"line":84,"column":15},"end":{"line":84,"column":17}},"21":{"start":{"line":87,"column":2},"end":{"line":90,"column":5}},"22":{"start":{"line":88,"column":23},"end":{"line":88,"column":42}},"23":{"start":{"line":89,"column":4},"end":{"line":89,"column":34}},"24":{"start":{"line":93,"column":16},"end":{"line":156,"column":1}},"25":{"start":{"line":101,"column":4},"end":{"line":101,"column":23}},"26":{"start":{"line":103,"column":4},"end":{"line":103,"column":40}},"27":{"start":{"line":103,"column":33},"end":{"line":103,"column":40}},"28":{"start":{"line":105,"column":4},"end":{"line":105,"column":29}},"29":{"start":{"line":106,"column":4},"end":{"line":106,"column":27}},"30":{"start":{"line":108,"column":4},"end":{"line":111,"column":6}},"31":{"start":{"line":113,"column":4},"end":{"line":113,"column":25}},"32":{"start":{"line":114,"column":4},"end":{"line":114,"column":26}},"33":{"start":{"line":117,"column":17},"end":{"line":117,"column":69}},"34":{"start":{"line":120,"column":4},"end":{"line":120,"column":43}},"35":{"start":{"line":120,"column":36},"end":{"line":120,"column":43}},"36":{"start":{"line":122,"column":4},"end":{"line":123,"column":69}},"37":{"start":{"line":123,"column":6},"end":{"line":123,"column":69}},"38":{"start":{"line":125,"column":15},"end":{"line":125,"column":25}},"39":{"start":{"line":126,"column":14},"end":{"line":126,"column":36}},"40":{"start":{"line":127,"column":14},"end":{"line":127,"column":31}},"41":{"start":{"line":128,"column":14},"end":{"line":128,"column":31}},"42":{"start":{"line":129,"column":13},"end":{"line":129,"column":28}},"43":{"start":{"line":131,"column":20},"end":{"line":131,"column":58}},"44":{"start":{"line":133,"column":19},"end":{"line":140,"column":5}},"45":{"start":{"line":142,"column":4},"end":{"line":142,"column":49}},"46":{"start":{"line":144,"column":23},"end":{"line":144,"column":42}},"47":{"start":{"line":145,"column":4},"end":{"line":145,"column":41}},"48":{"start":{"line":148,"column":4},"end":{"line":148,"column":43}},"49":{"start":{"line":148,"column":36},"end":{"line":148,"column":43}},"50":{"start":{"line":158,"column":0},"end":{"line":158,"column":25}}},"fnMap":{"0":{"name":"getToday","decl":{"start":{"line":12,"column":9},"end":{"line":12,"column":17}},"loc":{"start":{"line":12,"column":20},"end":{"line":21,"column":1}},"line":12},"1":{"name":"getFilePath","decl":{"start":{"line":24,"column":9},"end":{"line":24,"column":20}},"loc":{"start":{"line":24,"column":30},"end":{"line":27,"column":1}},"line":24},"2":{"name":"createNewFile","decl":{"start":{"line":30,"column":9},"end":{"line":30,"column":22}},"loc":{"start":{"line":30,"column":41},"end":{"line":35,"column":1}},"line":30},"3":{"name":"checkFile","decl":{"start":{"line":37,"column":9},"end":{"line":37,"column":18}},"loc":{"start":{"line":37,"column":38},"end":{"line":51,"column":1}},"line":37},"4":{"name":"(anonymous_4)","decl":{"start":{"line":41,"column":27},"end":{"line":41,"column":28}},"loc":{"start":{"line":41,"column":36},"end":{"line":50,"column":3}},"line":41},"5":{"name":"setDate","decl":{"start":{"line":54,"column":9},"end":{"line":54,"column":16}},"loc":{"start":{"line":54,"column":19},"end":{"line":67,"column":1}},"line":54},"6":{"name":"(anonymous_6)","decl":{"start":{"line":61,"column":34},"end":{"line":61,"column":35}},"loc":{"start":{"line":61,"column":44},"end":{"line":63,"column":5}},"line":61},"7":{"name":"assignStream","decl":{"start":{"line":86,"column":15},"end":{"line":86,"column":27}},"loc":{"start":{"line":86,"column":37},"end":{"line":91,"column":1}},"line":86},"8":{"name":"(anonymous_8)","decl":{"start":{"line":87,"column":27},"end":{"line":87,"column":28}},"loc":{"start":{"line":87,"column":39},"end":{"line":90,"column":3}},"line":87},"9":{"name":"(anonymous_9)","decl":{"start":{"line":94,"column":8},"end":{"line":94,"column":9}},"loc":{"start":{"line":94,"column":26},"end":{"line":118,"column":3}},"line":94},"10":{"name":"(anonymous_10)","decl":{"start":{"line":119,"column":7},"end":{"line":119,"column":8}},"loc":{"start":{"line":119,"column":39},"end":{"line":146,"column":3}},"line":119},"11":{"name":"(anonymous_11)","decl":{"start":{"line":147,"column":16},"end":{"line":147,"column":17}},"loc":{"start":{"line":147,"column":22},"end":{"line":155,"column":3}},"line":147}},"branchMap":{"0":{"loc":{"start":{"line":18,"column":12},"end":{"line":18,"column":38}},"type":"cond-expr","locations":[{"start":{"line":18,"column":23},"end":{"line":18,"column":32}},{"start":{"line":18,"column":35},"end":{"line":18,"column":38}}],"line":18},"1":{"loc":{"start":{"line":19,"column":4},"end":{"line":19,"column":36}},"type":"cond-expr","locations":[{"start":{"line":19,"column":17},"end":{"line":19,"column":28}},{"start":{"line":19,"column":31},"end":{"line":19,"column":36}}],"line":19},"2":{"loc":{"start":{"line":58,"column":2},"end":{"line":66,"column":3}},"type":"if","locations":[{"start":{"line":58,"column":2},"end":{"line":66,"column":3}},{"start":{"line":58,"column":2},"end":{"line":66,"column":3}}],"line":58},"3":{"loc":{"start":{"line":103,"column":4},"end":{"line":103,"column":40}},"type":"if","locations":[{"start":{"line":103,"column":4},"end":{"line":103,"column":40}},{"start":{"line":103,"column":4},"end":{"line":103,"column":40}}],"line":103},"4":{"loc":{"start":{"line":120,"column":4},"end":{"line":120,"column":43}},"type":"if","locations":[{"start":{"line":120,"column":4},"end":{"line":120,"column":43}},{"start":{"line":120,"column":4},"end":{"line":120,"column":43}}],"line":120},"5":{"loc":{"start":{"line":122,"column":4},"end":{"line":123,"column":69}},"type":"if","locations":[{"start":{"line":122,"column":4},"end":{"line":123,"column":69}},{"start":{"line":122,"column":4},"end":{"line":123,"column":69}}],"line":122},"6":{"loc":{"start":{"line":148,"column":4},"end":{"line":148,"column":43}},"type":"if","locations":[{"start":{"line":148,"column":4},"end":{"line":148,"column":43}},{"start":{"line":148,"column":4},"end":{"line":148,"column":43}}],"line":148}},"s":{"0":3,"1":0,"2":0,"3":0,"4":0,"5":0,"6":0,"7":0,"8":0,"9":0,"10":0,"11":0,"12":0,"13":0,"14":0,"15":0,"16":0,"17":0,"18":0,"19":3,"20":3,"21":0,"22":0,"23":0,"24":3,"25":3,"26":3,"27":3,"28":0,"29":0,"30":0,"31":0,"32":0,"33":0,"34":2,"35":2,"36":0,"37":0,"38":0,"39":0,"40":0,"41":0,"42":0,"43":0,"44":0,"45":0,"46":0,"47":0,"48":0,"49":0,"50":3},"f":{"0":0,"1":0,"2":0,"3":0,"4":0,"5":0,"6":0,"7":0,"8":0,"9":3,"10":2,"11":0},"b":{"0":[0,0],"1":[0,0],"2":[0,0],"3":[3,0],"4":[2,0],"5":[0,0],"6":[0,0]},"inputSourceMap":null,"_coverageSchema":"1a1c01bbd47fc00a2c39e90264f33305004495a9","hash":"230a2185da28a0382a053f91643d7cb4c2fbe6be"}
,"D:\\nokaround\\glia\\utils\\validSanitLoader.js": {"path":"D:\\nokaround\\glia\\utils\\validSanitLoader.js","statementMap":{"0":{"start":{"line":6,"column":18},"end":{"line":12,"column":3}},"1":{"start":{"line":14,"column":22},"end":{"line":14,"column":63}},"2":{"start":{"line":16,"column":2},"end":{"line":40,"column":3}},"3":{"start":{"line":18,"column":17},"end":{"line":18,"column":22}},"4":{"start":{"line":19,"column":4},"end":{"line":27,"column":5}},"5":{"start":{"line":20,"column":6},"end":{"line":20,"column":71}},"6":{"start":{"line":29,"column":4},"end":{"line":29,"column":60}},"7":{"start":{"line":32,"column":4},"end":{"line":37,"column":5}},"8":{"start":{"line":34,"column":6},"end":{"line":36,"column":7}},"9":{"start":{"line":35,"column":8},"end":{"line":35,"column":46}},"10":{"start":{"line":39,"column":4},"end":{"line":39,"column":26}},"11":{"start":{"line":42,"column":2},"end":{"line":42,"column":17}},"12":{"start":{"line":45,"column":0},"end":{"line":45,"column":31}}},"fnMap":{"0":{"name":"schemasLoader","decl":{"start":{"line":5,"column":9},"end":{"line":5,"column":22}},"loc":{"start":{"line":5,"column":43},"end":{"line":43,"column":1}},"line":5}},"branchMap":{"0":{"loc":{"start":{"line":29,"column":13},"end":{"line":29,"column":59}},"type":"cond-expr","locations":[{"start":{"line":29,"column":48},"end":{"line":29,"column":54}},{"start":{"line":29,"column":57},"end":{"line":29,"column":59}}],"line":29}},"s":{"0":6,"1":6,"2":6,"3":30,"4":30,"5":30,"6":30,"7":30,"8":27,"9":135,"10":30,"11":6,"12":3},"f":{"0":6},"b":{"0":[15,15]},"inputSourceMap":null,"_coverageSchema":"1a1c01bbd47fc00a2c39e90264f33305004495a9","hash":"a8f2c90a3181369b4ebec7fdfc39b6aaf771539c"}
}
