TN:
SF:..\..\kernel\controller.kernel.js
FN:4,(anonymous_0)
FN:18,(anonymous_1)
FN:25,(anonymous_2)
FNF:3
FNH:3
FNDA:4,(anonymous_0)
FNDA:2,(anonymous_1)
FNDA:2,(anonymous_2)
DA:1,1
DA:2,1
DA:4,1
DA:5,4
DA:7,4
DA:9,4
DA:11,4
DA:13,4
DA:15,4
DA:17,4
DA:19,2
DA:23,2
DA:27,2
DA:29,1
DA:31,1
DA:37,2
DA:41,1
LF:17
LH:17
BRDA:13,0,0,1
BRDA:13,0,1,3
BRDA:19,1,0,1
BRDA:19,1,1,1
BRDA:27,2,0,1
BRDA:27,2,1,1
BRF:6
BRH:6
end_of_record
TN:
SF:..\..\kernel\error.kernel.js
FN:11,(anonymous_0)
FN:22,(anonymous_1)
FN:32,(anonymous_2)
FN:43,(anonymous_3)
FN:54,(anonymous_4)
FN:63,(anonymous_5)
FN:73,(anonymous_6)
FN:82,(anonymous_7)
FN:93,(anonymous_8)
FN:94,(anonymous_9)
FNF:10
FNH:10
FNDA:3,(anonymous_0)
FNDA:1,(anonymous_1)
FNDA:1,(anonymous_2)
FNDA:2,(anonymous_3)
FNDA:1,(anonymous_4)
FNDA:1,(anonymous_5)
FNDA:1,(anonymous_6)
FNDA:1,(anonymous_7)
FNDA:3,(anonymous_8)
FNDA:3,(anonymous_9)
DA:12,3
DA:13,3
DA:14,3
DA:15,3
DA:16,3
DA:23,1
DA:24,1
DA:25,1
DA:26,1
DA:33,1
DA:34,1
DA:35,1
DA:36,1
DA:44,2
DA:45,2
DA:46,2
DA:47,2
DA:48,2
DA:55,1
DA:56,1
DA:57,1
DA:58,1
DA:64,1
DA:65,1
DA:66,1
DA:67,1
DA:74,1
DA:75,1
DA:76,1
DA:77,1
DA:82,3
DA:83,1
DA:85,1
DA:92,3
DA:93,3
DA:94,3
DA:95,3
DA:96,3
DA:97,3
DA:102,3
LF:40
LH:40
BRDA:15,0,0,1
BRDA:15,0,1,2
BRDA:47,1,0,1
BRDA:47,1,1,1
BRDA:95,2,0,3
BRDA:95,2,1,0
BRF:6
BRH:5
end_of_record
TN:
SF:..\..\kernel\ms.kernel.js
FN:1,(anonymous_0)
FNF:1
FNH:1
FNDA:7,(anonymous_0)
DA:1,2
DA:2,7
DA:14,7
DA:15,7
DA:16,7
DA:17,7
DA:19,7
DA:21,7
DA:22,6
DA:25,7
DA:72,2
LF:11
LH:11
BRDA:19,0,0,5
BRDA:19,0,1,2
BRDA:21,1,0,6
BRDA:21,1,1,1
BRF:4
BRH:4
end_of_record
TN:
SF:..\..\middleware\logger\logger.js
FN:12,getToday
FN:24,getFilePath
FN:30,createNewFile
FN:37,checkFile
FN:41,(anonymous_4)
FN:54,setDate
FN:61,(anonymous_6)
FN:86,assignStream
FN:87,(anonymous_8)
FN:94,(anonymous_9)
FN:119,(anonymous_10)
FN:147,(anonymous_11)
FNF:12
FNH:2
FNDA:0,getToday
FNDA:0,getFilePath
FNDA:0,createNewFile
FNDA:0,checkFile
FNDA:0,(anonymous_4)
FNDA:0,setDate
FNDA:0,(anonymous_6)
FNDA:0,assignStream
FNDA:0,(anonymous_8)
FNDA:3,(anonymous_9)
FNDA:2,(anonymous_10)
FNDA:0,(anonymous_11)
DA:1,3
DA:13,0
DA:14,0
DA:15,0
DA:16,0
DA:18,0
DA:26,0
DA:31,0
DA:32,0
DA:34,0
DA:40,0
DA:41,0
DA:49,0
DA:55,0
DA:58,0
DA:59,0
DA:61,0
DA:62,0
DA:65,0
DA:75,3
DA:84,3
DA:87,0
DA:88,0
DA:89,0
DA:93,3
DA:101,3
DA:103,3
DA:105,0
DA:106,0
DA:108,0
DA:113,0
DA:114,0
DA:117,0
DA:120,2
DA:122,0
DA:123,0
DA:125,0
DA:126,0
DA:127,0
DA:128,0
DA:129,0
DA:131,0
DA:133,0
DA:142,0
DA:144,0
DA:145,0
DA:148,0
DA:158,3
LF:48
LH:8
BRDA:18,0,0,0
BRDA:18,0,1,0
BRDA:19,1,0,0
BRDA:19,1,1,0
BRDA:58,2,0,0
BRDA:58,2,1,0
BRDA:103,3,0,3
BRDA:103,3,1,0
BRDA:120,4,0,2
BRDA:120,4,1,0
BRDA:122,5,0,0
BRDA:122,5,1,0
BRDA:148,6,0,0
BRDA:148,6,1,0
BRF:14
BRH:2
end_of_record
TN:
SF:..\..\utils\validSanitLoader.js
FN:5,schemasLoader
FNF:1
FNH:1
FNDA:6,schemasLoader
DA:6,6
DA:14,6
DA:16,6
DA:18,30
DA:19,30
DA:20,30
DA:29,30
DA:32,30
DA:34,27
DA:35,135
DA:39,30
DA:42,6
DA:45,3
LF:13
LH:13
BRDA:29,0,0,15
BRDA:29,0,1,15
BRF:2
BRH:2
end_of_record
